{
  "stats": {
    "suites": 1,
    "tests": 4,
    "passes": 4,
    "pending": 0,
    "failures": 0,
    "start": "2022-08-01T16:57:30.025Z",
    "end": "2022-08-01T16:57:51.762Z",
    "duration": 21737,
    "testsRegistered": 4,
    "passPercent": 100,
    "pendingPercent": 0,
    "other": 0,
    "hasOther": false,
    "skipped": 0,
    "hasSkipped": false
  },
  "results": [
    {
      "uuid": "ce0229e2-a55f-4cbf-8eae-1b40eb50c912",
      "title": "",
      "fullFile": "cypress/integration/04.SaveExpensesForm_spec.js",
      "file": "cypress/integration/04.SaveExpensesForm_spec.js",
      "beforeHooks": [],
      "afterHooks": [],
      "tests": [],
      "suites": [
        {
          "uuid": "28f33feb-3883-483f-a1d3-04f7b7753f6f",
          "title": "4 - Salve todas as informações do formulário no estado global",
          "fullFile": "",
          "file": "",
          "beforeHooks": [],
          "afterHooks": [],
          "tests": [
            {
              "title": "Adiciona uma despesa e verifica se a soma de despesas do header foi atualizada e os inputs voltaram ao valor inicial",
              "fullTitle": "4 - Salve todas as informações do formulário no estado global Adiciona uma despesa e verifica se a soma de despesas do header foi atualizada e os inputs voltaram ao valor inicial",
              "timedOut": null,
              "duration": 6342,
              "state": "passed",
              "speed": "medium",
              "pass": true,
              "fail": false,
              "pending": false,
              "context": null,
              "code": "const expense = {\n  value: '11',\n  currency: 'USD',\n  method: 'Cartão de crédito',\n  tag: 'Lazer',\n  description: 'Onze dólares'\n};\n(0, _helperFunctions.addExpense)(expense);\ncy.getByTestId(_constants.TOTAL_FIELD_TEST_ID).should('have.text', '52.28');\ncy.getByTestId(_constants.VALUE_INPUT_TEST_ID).should('have.value', '');\ncy.getByTestId(_constants.DESCRIPTION_INPUT_TEST_ID).should('have.value', '');",
              "err": {},
              "uuid": "9a2a6ab2-f611-4c46-a515-84d9f15ada00",
              "parentUUID": "28f33feb-3883-483f-a1d3-04f7b7753f6f",
              "isHook": false,
              "skipped": false
            },
            {
              "title": "Adiciona uma despesa e verifica se a despesa foi salva no estado global",
              "fullTitle": "4 - Salve todas as informações do formulário no estado global Adiciona uma despesa e verifica se a despesa foi salva no estado global",
              "timedOut": null,
              "duration": 2969,
              "state": "passed",
              "speed": "fast",
              "pass": true,
              "fail": false,
              "pending": false,
              "context": null,
              "code": "const expense = {\n  value: '11',\n  currency: 'USD',\n  method: 'Cartão de crédito',\n  tag: 'Lazer',\n  description: 'Onze dólares'\n};\n(0, _helperFunctions.addExpense)(expense);\ncy.window().its('store').invoke('getState').its('wallet.expenses').should('deep.equal', [_objectSpread(_objectSpread({}, expense), {}, {\n  id: 0,\n  exchangeRates: _data.mockData\n})]);",
              "err": {},
              "uuid": "cde94640-cce3-4041-86f5-22692e43da69",
              "parentUUID": "28f33feb-3883-483f-a1d3-04f7b7753f6f",
              "isHook": false,
              "skipped": false
            },
            {
              "title": "Verifica se a API é chamada a cada vez que o botão 'Adicionar despesa' é clicado",
              "fullTitle": "4 - Salve todas as informações do formulário no estado global Verifica se a API é chamada a cada vez que o botão 'Adicionar despesa' é clicado",
              "timedOut": null,
              "duration": 4382,
              "state": "passed",
              "speed": "fast",
              "pass": true,
              "fail": false,
              "pending": false,
              "context": null,
              "code": "const expense = {\n  value: '11',\n  currency: 'USD',\n  method: 'Cartão de crédito',\n  tag: 'Lazer',\n  description: 'Onze dólares'\n};\ncy.get('@mockFetch').should('be.calledOnce');\n(0, _helperFunctions.addExpense)(expense);\ncy.get('@mockFetch').should('be.calledTwice');\n(0, _helperFunctions.addExpense)(expense);\ncy.get('@mockFetch').should('be.calledThrice');",
              "err": {},
              "uuid": "c9ee4b70-d565-4ddd-bd6e-46af8f4a8453",
              "parentUUID": "28f33feb-3883-483f-a1d3-04f7b7753f6f",
              "isHook": false,
              "skipped": false
            },
            {
              "title": "Adiciona duas despesas e verifica se o estado global e header foram atualizados",
              "fullTitle": "4 - Salve todas as informações do formulário no estado global Adiciona duas despesas e verifica se o estado global e header foram atualizados",
              "timedOut": null,
              "duration": 4581,
              "state": "passed",
              "speed": "fast",
              "pass": true,
              "fail": false,
              "pending": false,
              "context": null,
              "code": "const firstExpense = {\n  id: 0,\n  value: '11',\n  currency: 'USD',\n  method: 'Cartão de crédito',\n  tag: 'Lazer',\n  description: 'Onze dólares',\n  exchangeRates: _data.mockData\n};\n(0, _helperFunctions.addExpense)(firstExpense);\ncy.window().its('store').invoke('getState').its('wallet.expenses').should('deep.equal', [firstExpense]);\nconst secondExpense = {\n  id: 1,\n  value: '20',\n  currency: 'EUR',\n  method: 'Cartão de débito',\n  tag: 'Trabalho',\n  description: 'Vinte euros',\n  exchangeRates: _data.mockData\n};\n(0, _helperFunctions.addExpense)(secondExpense);\ncy.window().its('store').invoke('getState').its('wallet.expenses').should('deep.equal', [firstExpense, secondExpense]);\ncy.getByTestId(_constants.TOTAL_FIELD_TEST_ID).should('have.text', '154.82');",
              "err": {},
              "uuid": "eb1e083d-e69e-473c-9f83-556e0bc9cdab",
              "parentUUID": "28f33feb-3883-483f-a1d3-04f7b7753f6f",
              "isHook": false,
              "skipped": false
            }
          ],
          "suites": [],
          "passes": [
            "9a2a6ab2-f611-4c46-a515-84d9f15ada00",
            "cde94640-cce3-4041-86f5-22692e43da69",
            "c9ee4b70-d565-4ddd-bd6e-46af8f4a8453",
            "eb1e083d-e69e-473c-9f83-556e0bc9cdab"
          ],
          "failures": [],
          "pending": [],
          "skipped": [],
          "duration": 18274,
          "root": false,
          "rootEmpty": false,
          "_timeout": 2000
        }
      ],
      "passes": [],
      "failures": [],
      "pending": [],
      "skipped": [],
      "duration": 0,
      "root": true,
      "rootEmpty": true,
      "_timeout": 2000
    }
  ],
  "meta": {
    "mocha": {
      "version": "7.0.1"
    },
    "mochawesome": {
      "options": {
        "quiet": false,
        "reportFilename": "mochawesome",
        "saveHtml": false,
        "saveJson": true,
        "consoleReporter": "spec",
        "useInlineDiffs": false,
        "code": true
      },
      "version": "7.1.3"
    },
    "marge": {
      "options": {
        "id": "default",
        "reportDir": "cypress/reports",
        "overwrite": false,
        "html": false,
        "json": true
      },
      "version": "6.2.0"
    }
  }
}