{
  "stats": {
    "suites": 1,
    "tests": 3,
    "passes": 3,
    "pending": 0,
    "failures": 0,
    "start": "2022-08-01T16:58:59.847Z",
    "end": "2022-08-01T16:59:24.830Z",
    "duration": 24983,
    "testsRegistered": 3,
    "passPercent": 100,
    "pendingPercent": 0,
    "other": 0,
    "hasOther": false,
    "skipped": 0,
    "hasSkipped": false
  },
  "results": [
    {
      "uuid": "1842e279-59b1-49ff-b7d0-8d8f7c9dec83",
      "title": "",
      "fullFile": "cypress/integration/08.DeleteExpense_spec.js",
      "file": "cypress/integration/08.DeleteExpense_spec.js",
      "beforeHooks": [],
      "afterHooks": [],
      "tests": [],
      "suites": [
        {
          "uuid": "ff996a6e-48d9-46b5-afe9-abab952c099c",
          "title": "8 - Crie um botão para deletar uma despesa da tabela contendo as seguintes características:",
          "fullFile": "",
          "file": "",
          "beforeHooks": [],
          "afterHooks": [],
          "tests": [
            {
              "title": "O botão deve estar dentro do último item da linha da tabela e deve possuir `data-testid=\"delete-btn\"`",
              "fullTitle": "8 - Crie um botão para deletar uma despesa da tabela contendo as seguintes características: O botão deve estar dentro do último item da linha da tabela e deve possuir `data-testid=\"delete-btn\"`",
              "timedOut": null,
              "duration": 9505,
              "state": "passed",
              "speed": "medium",
              "pass": true,
              "fail": false,
              "pending": false,
              "context": null,
              "code": "cy.get('tbody tr').first().find('td').last().find(`button[data-testid=\"${_constants.BTN_DELETE_TEST_ID}\"]`).should('exist');\ncy.getByTestId(_constants.BTN_DELETE_TEST_ID).should('have.length', 2);",
              "err": {},
              "uuid": "18fe25ae-f7a5-46ae-9ccb-b90ad2fd4b81",
              "parentUUID": "ff996a6e-48d9-46b5-afe9-abab952c099c",
              "isHook": false,
              "skipped": false
            },
            {
              "title": "Ao ser clicado, o botão deleta a linha da tabela, alterando o estado global.",
              "fullTitle": "8 - Crie um botão para deletar uma despesa da tabela contendo as seguintes características: Ao ser clicado, o botão deleta a linha da tabela, alterando o estado global.",
              "timedOut": null,
              "duration": 6173,
              "state": "passed",
              "speed": "medium",
              "pass": true,
              "fail": false,
              "pending": false,
              "context": null,
              "code": "const expectedTableRow = ['Cinco euros', 'Lazer', 'Cartão de crédito', '5.00', 'Euro/Real Brasileiro', '5.13', '25.63', 'Real'];\ncy.getByTestId(_constants.BTN_DELETE_TEST_ID).first().click().should('not.exist');\nconst deleteBtn = 1;\ncy.get('tbody tr td').should('have.length', expectedTableRow.length + deleteBtn);\ncy.wrap(expectedTableRow).each(expectedValue => {\n  cy.get('tbody tr td').contains(expectedValue);\n});\nconst expectedExpenses = [_objectSpread(_objectSpread({}, _constants.initialExpenses[1]), {}, {\n  id: 1,\n  exchangeRates: _data.mockData\n})];\ncy.window().its('store').invoke('getState').its('wallet.expenses').should('deep.equal', expectedExpenses);",
              "err": {},
              "uuid": "0cce5fc8-fdd7-45f5-b245-e0ebd5176944",
              "parentUUID": "ff996a6e-48d9-46b5-afe9-abab952c099c",
              "isHook": false,
              "skipped": false
            },
            {
              "title": "Ao clicar no botão para remover uma despesa, o valor correspondente deve ser subtraído e a despesa total deve ser atualizada no header",
              "fullTitle": "8 - Crie um botão para deletar uma despesa da tabela contendo as seguintes características: Ao clicar no botão para remover uma despesa, o valor correspondente deve ser subtraído e a despesa total deve ser atualizada no header",
              "timedOut": null,
              "duration": 5041,
              "state": "passed",
              "speed": "medium",
              "pass": true,
              "fail": false,
              "pending": false,
              "context": null,
              "code": "cy.getByTestId(_constants.TOTAL_FIELD_TEST_ID).should('have.text', '73.16');\ncy.getByTestId(_constants.BTN_DELETE_TEST_ID).first().click();\ncy.getByTestId(_constants.TOTAL_FIELD_TEST_ID).should('have.text', '25.63');\ncy.getByTestId(_constants.BTN_DELETE_TEST_ID).first().click();\ncy.getByTestId(_constants.TOTAL_FIELD_TEST_ID).should('have.text', '0.00');",
              "err": {},
              "uuid": "2cd45e18-86ee-4254-8277-a8e31c99a314",
              "parentUUID": "ff996a6e-48d9-46b5-afe9-abab952c099c",
              "isHook": false,
              "skipped": false
            }
          ],
          "suites": [],
          "passes": [
            "18fe25ae-f7a5-46ae-9ccb-b90ad2fd4b81",
            "0cce5fc8-fdd7-45f5-b245-e0ebd5176944",
            "2cd45e18-86ee-4254-8277-a8e31c99a314"
          ],
          "failures": [],
          "pending": [],
          "skipped": [],
          "duration": 20719,
          "root": false,
          "rootEmpty": false,
          "_timeout": 2000
        }
      ],
      "passes": [],
      "failures": [],
      "pending": [],
      "skipped": [],
      "duration": 0,
      "root": true,
      "rootEmpty": true,
      "_timeout": 2000
    }
  ],
  "meta": {
    "mocha": {
      "version": "7.0.1"
    },
    "mochawesome": {
      "options": {
        "quiet": false,
        "reportFilename": "mochawesome",
        "saveHtml": false,
        "saveJson": true,
        "consoleReporter": "spec",
        "useInlineDiffs": false,
        "code": true
      },
      "version": "7.1.3"
    },
    "marge": {
      "options": {
        "id": "default",
        "reportDir": "cypress/reports",
        "overwrite": false,
        "html": false,
        "json": true
      },
      "version": "6.2.0"
    }
  }
}