{
  "stats": {
    "suites": 1,
    "tests": 4,
    "passes": 0,
    "pending": 0,
    "failures": 4,
    "start": "2022-08-02T00:25:17.320Z",
    "end": "2022-08-02T00:25:18.075Z",
    "duration": 755,
    "testsRegistered": 4,
    "passPercent": 0,
    "pendingPercent": 0,
    "other": 0,
    "hasOther": false,
    "skipped": 0,
    "hasSkipped": false
  },
  "results": [
    {
      "uuid": "e4c8f610-5849-4f62-a77e-8b14b3cf3caa",
      "title": "",
      "fullFile": "cypress/integration/10.TestCoverage_spec.js",
      "file": "cypress/integration/10.TestCoverage_spec.js",
      "beforeHooks": [],
      "afterHooks": [],
      "tests": [],
      "suites": [
        {
          "uuid": "1a422e1e-90e1-40a9-b9eb-ff435d2a7978",
          "title": "10 - Desenvolva testes para atingir 90% de cobertura total da aplicação",
          "fullFile": "",
          "file": "",
          "beforeHooks": [],
          "afterHooks": [],
          "tests": [
            {
              "title": "Cobertura de \"Statements\" total deverá ser maior ou igual a 90.",
              "fullTitle": "10 - Desenvolva testes para atingir 90% de cobertura total da aplicação Cobertura de \"Statements\" total deverá ser maior ou igual a 90.",
              "timedOut": null,
              "duration": 124,
              "state": "failed",
              "speed": null,
              "pass": false,
              "fail": true,
              "pending": false,
              "context": null,
              "code": "cy.task('getCoverage', (0, _getId.getId)()).its('total.statements.pct', {\n  timeout: 0\n}).should('be.gte', 90.00);",
              "err": {
                "message": "AssertionError: Timed out retrying after 0ms: expected 83.78 to be at least 90",
                "estack": "AssertionError: Timed out retrying after 0ms: expected 83.78 to be at least 90\n    at Context.eval (http://localhost:46259/__cypress/tests?p=cypress/integration/10.TestCoverage_spec.js:105:8)",
                "diff": "- 83.78\n+ 90\n"
              },
              "uuid": "35df49f5-be21-4816-88fb-d1b71372f2d1",
              "parentUUID": "1a422e1e-90e1-40a9-b9eb-ff435d2a7978",
              "isHook": false,
              "skipped": false
            },
            {
              "title": "Cobertura de \"Functions\" total deverá ser maior ou igual a 90.",
              "fullTitle": "10 - Desenvolva testes para atingir 90% de cobertura total da aplicação Cobertura de \"Functions\" total deverá ser maior ou igual a 90.",
              "timedOut": null,
              "duration": 68,
              "state": "failed",
              "speed": null,
              "pass": false,
              "fail": true,
              "pending": false,
              "context": null,
              "code": "cy.task('getCoverage', (0, _getId.getId)()).its('total.functions.pct', {\n  timeout: 0\n}).should('be.gte', 90.00);",
              "err": {
                "message": "AssertionError: Timed out retrying after 0ms: expected 76.74 to be at least 90",
                "estack": "AssertionError: Timed out retrying after 0ms: expected 76.74 to be at least 90\n    at Context.eval (http://localhost:46259/__cypress/tests?p=cypress/integration/10.TestCoverage_spec.js:110:8)",
                "diff": "- 76.74\n+ 90\n"
              },
              "uuid": "16c38dc2-6d1b-472b-a42c-6cc428613358",
              "parentUUID": "1a422e1e-90e1-40a9-b9eb-ff435d2a7978",
              "isHook": false,
              "skipped": false
            },
            {
              "title": "Cobertura de \"Branches\" total deverá ser maior ou igual a 90.",
              "fullTitle": "10 - Desenvolva testes para atingir 90% de cobertura total da aplicação Cobertura de \"Branches\" total deverá ser maior ou igual a 90.",
              "timedOut": null,
              "duration": 65,
              "state": "failed",
              "speed": null,
              "pass": false,
              "fail": true,
              "pending": false,
              "context": null,
              "code": "cy.task('getCoverage', (0, _getId.getId)()).its('total.branches.pct', {\n  timeout: 0\n}).should('be.gte', 90.00);",
              "err": {
                "message": "AssertionError: Timed out retrying after 0ms: expected 75 to be at least 90",
                "estack": "AssertionError: Timed out retrying after 0ms: expected 75 to be at least 90\n    at Context.eval (http://localhost:46259/__cypress/tests?p=cypress/integration/10.TestCoverage_spec.js:115:8)",
                "diff": "- 75\n+ 90\n"
              },
              "uuid": "edf81b98-6ed0-4c11-80a6-d0a707ca69f2",
              "parentUUID": "1a422e1e-90e1-40a9-b9eb-ff435d2a7978",
              "isHook": false,
              "skipped": false
            },
            {
              "title": "Cobertura de \"Lines\" total deverá ser maior ou igual a 90.",
              "fullTitle": "10 - Desenvolva testes para atingir 90% de cobertura total da aplicação Cobertura de \"Lines\" total deverá ser maior ou igual a 90.",
              "timedOut": null,
              "duration": 68,
              "state": "failed",
              "speed": null,
              "pass": false,
              "fail": true,
              "pending": false,
              "context": null,
              "code": "cy.task('getCoverage', (0, _getId.getId)()).its('total.lines.pct', {\n  timeout: 0\n}).should('be.gte', 90.00);",
              "err": {
                "message": "AssertionError: Timed out retrying after 0ms: expected 86.46 to be at least 90",
                "estack": "AssertionError: Timed out retrying after 0ms: expected 86.46 to be at least 90\n    at Context.eval (http://localhost:46259/__cypress/tests?p=cypress/integration/10.TestCoverage_spec.js:120:8)",
                "diff": "- 86.46\n+ 90\n"
              },
              "uuid": "95762a55-bd00-47c7-92f6-b6552a99333c",
              "parentUUID": "1a422e1e-90e1-40a9-b9eb-ff435d2a7978",
              "isHook": false,
              "skipped": false
            }
          ],
          "suites": [],
          "passes": [],
          "failures": [
            "35df49f5-be21-4816-88fb-d1b71372f2d1",
            "16c38dc2-6d1b-472b-a42c-6cc428613358",
            "edf81b98-6ed0-4c11-80a6-d0a707ca69f2",
            "95762a55-bd00-47c7-92f6-b6552a99333c"
          ],
          "pending": [],
          "skipped": [],
          "duration": 325,
          "root": false,
          "rootEmpty": false,
          "_timeout": 2000
        }
      ],
      "passes": [],
      "failures": [],
      "pending": [],
      "skipped": [],
      "duration": 0,
      "root": true,
      "rootEmpty": true,
      "_timeout": 2000
    }
  ],
  "meta": {
    "mocha": {
      "version": "7.0.1"
    },
    "mochawesome": {
      "options": {
        "quiet": false,
        "reportFilename": "mochawesome",
        "saveHtml": false,
        "saveJson": true,
        "consoleReporter": "spec",
        "useInlineDiffs": false,
        "code": true
      },
      "version": "7.1.3"
    },
    "marge": {
      "options": {
        "id": "default",
        "reportDir": "cypress/reports",
        "overwrite": false,
        "html": false,
        "json": true
      },
      "version": "6.2.0"
    }
  }
}