{
  "stats": {
    "suites": 1,
    "tests": 3,
    "passes": 3,
    "pending": 0,
    "failures": 0,
    "start": "2022-08-02T00:24:31.652Z",
    "end": "2022-08-02T00:24:49.017Z",
    "duration": 17365,
    "testsRegistered": 3,
    "passPercent": 100,
    "pendingPercent": 0,
    "other": 0,
    "hasOther": false,
    "skipped": 0,
    "hasSkipped": false
  },
  "results": [
    {
      "uuid": "3b5a9bd4-3cf6-4429-b718-8f2dcd3c1022",
      "title": "",
      "fullFile": "cypress/integration/08.DeleteExpense_spec.js",
      "file": "cypress/integration/08.DeleteExpense_spec.js",
      "beforeHooks": [],
      "afterHooks": [],
      "tests": [],
      "suites": [
        {
          "uuid": "fc544fb6-92f4-44f9-81cf-f0487b11b526",
          "title": "8 - Crie um botão para deletar uma despesa da tabela contendo as seguintes características:",
          "fullFile": "",
          "file": "",
          "beforeHooks": [],
          "afterHooks": [],
          "tests": [
            {
              "title": "O botão deve estar dentro do último item da linha da tabela e deve possuir `data-testid=\"delete-btn\"`",
              "fullTitle": "8 - Crie um botão para deletar uma despesa da tabela contendo as seguintes características: O botão deve estar dentro do último item da linha da tabela e deve possuir `data-testid=\"delete-btn\"`",
              "timedOut": null,
              "duration": 5293,
              "state": "passed",
              "speed": "medium",
              "pass": true,
              "fail": false,
              "pending": false,
              "context": null,
              "code": "cy.get('tbody tr').first().find('td').last().find(`button[data-testid=\"${_constants.BTN_DELETE_TEST_ID}\"]`).should('exist');\ncy.getByTestId(_constants.BTN_DELETE_TEST_ID).should('have.length', 2);",
              "err": {},
              "uuid": "b1b8d8ff-8de7-4c2d-86fb-7c157b399efc",
              "parentUUID": "fc544fb6-92f4-44f9-81cf-f0487b11b526",
              "isHook": false,
              "skipped": false
            },
            {
              "title": "Ao ser clicado, o botão deleta a linha da tabela, alterando o estado global.",
              "fullTitle": "8 - Crie um botão para deletar uma despesa da tabela contendo as seguintes características: Ao ser clicado, o botão deleta a linha da tabela, alterando o estado global.",
              "timedOut": null,
              "duration": 5258,
              "state": "passed",
              "speed": "medium",
              "pass": true,
              "fail": false,
              "pending": false,
              "context": null,
              "code": "const expectedTableRow = ['Cinco euros', 'Lazer', 'Cartão de crédito', '5.00', 'Euro/Real Brasileiro', '5.13', '25.63', 'Real'];\ncy.getByTestId(_constants.BTN_DELETE_TEST_ID).first().click().should('not.exist');\nconst deleteBtn = 1;\ncy.get('tbody tr td').should('have.length', expectedTableRow.length + deleteBtn);\ncy.wrap(expectedTableRow).each(expectedValue => {\n  cy.get('tbody tr td').contains(expectedValue);\n});\nconst expectedExpenses = [_objectSpread(_objectSpread({}, _constants.initialExpenses[1]), {}, {\n  id: 1,\n  exchangeRates: _data.mockData\n})];\ncy.window().its('store').invoke('getState').its('wallet.expenses').should('deep.equal', expectedExpenses);",
              "err": {},
              "uuid": "a5004cca-9bfd-4a1f-9a8c-d0008eba6193",
              "parentUUID": "fc544fb6-92f4-44f9-81cf-f0487b11b526",
              "isHook": false,
              "skipped": false
            },
            {
              "title": "Ao clicar no botão para remover uma despesa, o valor correspondente deve ser subtraído e a despesa total deve ser atualizada no header",
              "fullTitle": "8 - Crie um botão para deletar uma despesa da tabela contendo as seguintes características: Ao clicar no botão para remover uma despesa, o valor correspondente deve ser subtraído e a despesa total deve ser atualizada no header",
              "timedOut": null,
              "duration": 4017,
              "state": "passed",
              "speed": "fast",
              "pass": true,
              "fail": false,
              "pending": false,
              "context": null,
              "code": "cy.getByTestId(_constants.TOTAL_FIELD_TEST_ID).should('have.text', '73.16');\ncy.getByTestId(_constants.BTN_DELETE_TEST_ID).first().click();\ncy.getByTestId(_constants.TOTAL_FIELD_TEST_ID).should('have.text', '25.63');\ncy.getByTestId(_constants.BTN_DELETE_TEST_ID).first().click();\ncy.getByTestId(_constants.TOTAL_FIELD_TEST_ID).should('have.text', '0.00');",
              "err": {},
              "uuid": "a7506e98-3e07-4c14-b2dc-b9a364872b6b",
              "parentUUID": "fc544fb6-92f4-44f9-81cf-f0487b11b526",
              "isHook": false,
              "skipped": false
            }
          ],
          "suites": [],
          "passes": [
            "b1b8d8ff-8de7-4c2d-86fb-7c157b399efc",
            "a5004cca-9bfd-4a1f-9a8c-d0008eba6193",
            "a7506e98-3e07-4c14-b2dc-b9a364872b6b"
          ],
          "failures": [],
          "pending": [],
          "skipped": [],
          "duration": 14568,
          "root": false,
          "rootEmpty": false,
          "_timeout": 2000
        }
      ],
      "passes": [],
      "failures": [],
      "pending": [],
      "skipped": [],
      "duration": 0,
      "root": true,
      "rootEmpty": true,
      "_timeout": 2000
    }
  ],
  "meta": {
    "mocha": {
      "version": "7.0.1"
    },
    "mochawesome": {
      "options": {
        "quiet": false,
        "reportFilename": "mochawesome",
        "saveHtml": false,
        "saveJson": true,
        "consoleReporter": "spec",
        "useInlineDiffs": false,
        "code": true
      },
      "version": "7.1.3"
    },
    "marge": {
      "options": {
        "id": "default",
        "reportDir": "cypress/reports",
        "overwrite": false,
        "html": false,
        "json": true
      },
      "version": "6.2.0"
    }
  }
}