{
  "stats": {
    "suites": 1,
    "tests": 2,
    "passes": 0,
    "pending": 0,
    "failures": 2,
    "start": "2022-08-01T12:22:21.229Z",
    "end": "2022-08-01T12:22:53.571Z",
    "duration": 32342,
    "testsRegistered": 2,
    "passPercent": 0,
    "pendingPercent": 0,
    "other": 0,
    "hasOther": false,
    "skipped": 0,
    "hasSkipped": false
  },
  "results": [
    {
      "uuid": "498c47c9-e3a3-496a-83e1-17b123a2c2a3",
      "title": "",
      "fullFile": "cypress/integration/09.EditExpense_spec.js",
      "file": "cypress/integration/09.EditExpense_spec.js",
      "beforeHooks": [],
      "afterHooks": [],
      "tests": [],
      "suites": [
        {
          "uuid": "ba6739f6-b807-4449-8693-9d0223f2ab6b",
          "title": "9 - Crie um botão para editar uma despesa da tabela contendo as seguintes características:",
          "fullFile": "",
          "file": "",
          "beforeHooks": [],
          "afterHooks": [],
          "tests": [
            {
              "title": "O botão deve estar dentro do último item da linha da tabela e deve possuir `data-testid=\"edit-btn\"`",
              "fullTitle": "9 - Crie um botão para editar uma despesa da tabela contendo as seguintes características: O botão deve estar dentro do último item da linha da tabela e deve possuir `data-testid=\"edit-btn\"`",
              "timedOut": null,
              "duration": 14986,
              "state": "failed",
              "speed": null,
              "pass": false,
              "fail": true,
              "pending": false,
              "context": null,
              "code": "cy.get('tbody tr').first().find('td').last().find(`button[data-testid=\"${_constants.BTN_EDIT_TEST_ID}\"]`).should('exist');\ncy.getByTestId(_constants.BTN_EDIT_TEST_ID).should('have.length', 2);",
              "err": {
                "message": "AssertionError: Timed out retrying after 10000ms: Expected to find element: `button[data-testid=\"edit-btn\"]`, but never found it. Queried from element: <td>",
                "estack": "AssertionError: Timed out retrying after 10000ms: Expected to find element: `button[data-testid=\"edit-btn\"]`, but never found it. Queried from element: <td>\n    at Context.eval (http://localhost:3000/__cypress/tests?p=cypress/integration/09.EditExpense_spec.js:172:111)",
                "diff": null
              },
              "uuid": "adf08dba-0b1b-4b66-b421-30b31ab31e76",
              "parentUUID": "ba6739f6-b807-4449-8693-9d0223f2ab6b",
              "isHook": false,
              "skipped": false
            },
            {
              "title": "O botão habilita um formulário para editar a linha da tabela ao ser clicado, após clicar em \"Editar despesa\" a despesa é atualizada e atualiza a soma de despesas no header.",
              "fullTitle": "9 - Crie um botão para editar uma despesa da tabela contendo as seguintes características: O botão habilita um formulário para editar a linha da tabela ao ser clicado, após clicar em \"Editar despesa\" a despesa é atualizada e atualiza a soma de despesas no header.",
              "timedOut": null,
              "duration": 13812,
              "state": "failed",
              "speed": null,
              "pass": false,
              "fail": true,
              "pending": false,
              "context": null,
              "code": "cy.getByTestId(_constants.BTN_EDIT_TEST_ID).first().click();\ncy.contains(/Adicionar despesa/i).should('not.exist');\ncy.contains(/Editar despesa/i).should('exist');\n(0, _helperFunctions.editExpense)({\n  value: '200',\n  currency: 'CAD',\n  method: 'Dinheiro',\n  tag: 'Saúde',\n  description: 'Duzentos dólares canadenses'\n});\nconst expectedTableRow = ['Duzentos dólares canadenses', 'Saúde', 'Dinheiro', '200.00', 'Dólar Canadense/Real Brasileiro', '3.76', '751.18', 'Real'];\nconst deleteBtn = 1;\ncy.get('tbody tr').first().find('td').should('have.length', expectedTableRow.length + deleteBtn);\ncy.wrap(expectedTableRow).each(expectedValue => {\n  cy.get('tbody tr').first().find('td').contains(expectedValue);\n});\ncy.getByTestId(_constants.TOTAL_FIELD_TEST_ID).should('have.text', '776.81');\nconst expectedExpenses = [{\n  id: 0,\n  value: '200',\n  currency: 'CAD',\n  method: 'Dinheiro',\n  tag: 'Saúde',\n  description: 'Duzentos dólares canadenses',\n  exchangeRates: _data.mockData\n}, _objectSpread(_objectSpread({}, _constants.initialExpenses[1]), {}, {\n  id: 1,\n  exchangeRates: _data.mockData\n})];\ncy.window().its('store').invoke('getState').its('wallet.expenses').should('deep.equal', expectedExpenses);",
              "err": {
                "message": "AssertionError: Timed out retrying after 10000ms: Expected to find element: `[data-testid=\"edit-btn\"]`, but never found it.",
                "estack": "AssertionError: Timed out retrying after 10000ms: Expected to find element: `[data-testid=\"edit-btn\"]`, but never found it.\n    at Context.eval (http://localhost:3000/__cypress/tests?p=cypress/support/index.js:124:63)",
                "diff": null
              },
              "uuid": "2c5018c1-dbb2-41b9-b2c7-22ab8a705237",
              "parentUUID": "ba6739f6-b807-4449-8693-9d0223f2ab6b",
              "isHook": false,
              "skipped": false
            }
          ],
          "suites": [],
          "passes": [],
          "failures": [
            "adf08dba-0b1b-4b66-b421-30b31ab31e76",
            "2c5018c1-dbb2-41b9-b2c7-22ab8a705237"
          ],
          "pending": [],
          "skipped": [],
          "duration": 28798,
          "root": false,
          "rootEmpty": false,
          "_timeout": 2000
        }
      ],
      "passes": [],
      "failures": [],
      "pending": [],
      "skipped": [],
      "duration": 0,
      "root": true,
      "rootEmpty": true,
      "_timeout": 2000
    }
  ],
  "meta": {
    "mocha": {
      "version": "7.0.1"
    },
    "mochawesome": {
      "options": {
        "quiet": false,
        "reportFilename": "mochawesome",
        "saveHtml": false,
        "saveJson": true,
        "consoleReporter": "spec",
        "useInlineDiffs": false,
        "code": true
      },
      "version": "7.1.3"
    },
    "marge": {
      "options": {
        "id": "default",
        "reportDir": "cypress/reports",
        "overwrite": false,
        "html": false,
        "json": true
      },
      "version": "6.2.0"
    }
  }
}