<?xml version="1.0" encoding="UTF-8"?>
<coverage generated="1659551153206" clover="3.2.0">
  <project timestamp="1659551153206" name="All files">
    <metrics statements="113" coveredstatements="56" conditionals="18" coveredconditionals="9" methods="50" coveredmethods="11" elements="181" coveredelements="76" complexity="0" loc="113" ncloc="113" packages="5" files="10" classes="10"/>
    <package name="src">
      <metrics statements="1" coveredstatements="1" conditionals="0" coveredconditionals="0" methods="1" coveredmethods="1"/>
      <file name="App.js" path="/home/home/PROJETOS/sd-022-a-project-trybewallet/src/App.js">
        <metrics statements="1" coveredstatements="1" conditionals="0" coveredconditionals="0" methods="1" coveredmethods="1"/>
        <line num="7" count="5" type="stmt"/>
      </file>
    </package>
    <package name="src.components">
      <metrics statements="48" coveredstatements="8" conditionals="2" coveredconditionals="0" methods="26" coveredmethods="0"/>
      <file name="Header.js" path="/home/home/PROJETOS/sd-022-a-project-trybewallet/src/components/Header.js">
        <metrics statements="8" coveredstatements="2" conditionals="0" coveredconditionals="0" methods="4" coveredmethods="0"/>
        <line num="6" count="0" type="stmt"/>
        <line num="7" count="0" type="stmt"/>
        <line num="8" count="0" type="stmt"/>
        <line num="10" count="0" type="stmt"/>
        <line num="14" count="0" type="stmt"/>
        <line num="15" count="0" type="stmt"/>
        <line num="25" count="1" type="stmt"/>
        <line num="35" count="1" type="stmt"/>
      </file>
      <file name="Table.js" path="/home/home/PROJETOS/sd-022-a-project-trybewallet/src/components/Table.js">
        <metrics statements="10" coveredstatements="3" conditionals="0" coveredconditionals="0" methods="8" coveredmethods="0"/>
        <line num="8" count="0" type="stmt"/>
        <line num="9" count="0" type="stmt"/>
        <line num="26" count="0" type="stmt"/>
        <line num="43" count="0" type="stmt"/>
        <line num="51" count="0" type="stmt"/>
        <line num="64" count="1" type="stmt"/>
        <line num="72" count="1" type="stmt"/>
        <line num="76" count="1" type="stmt"/>
        <line num="77" count="0" type="stmt"/>
        <line num="78" count="0" type="stmt"/>
      </file>
      <file name="WalletForm.js" path="/home/home/PROJETOS/sd-022-a-project-trybewallet/src/components/WalletForm.js">
        <metrics statements="30" coveredstatements="3" conditionals="2" coveredconditionals="0" methods="14" coveredmethods="0"/>
        <line num="8" count="0" type="stmt"/>
        <line num="9" count="0" type="stmt"/>
        <line num="19" count="0" type="stmt"/>
        <line num="20" count="0" type="stmt"/>
        <line num="21" count="0" type="stmt"/>
        <line num="24" count="0" type="stmt"/>
        <line num="25" count="0" type="stmt"/>
        <line num="26" count="0" type="stmt"/>
        <line num="29" count="0" type="stmt"/>
        <line num="30" count="0" type="stmt"/>
        <line num="31" count="0" type="stmt"/>
        <line num="32" count="0" type="stmt"/>
        <line num="33" count="0" type="stmt"/>
        <line num="35" count="0" type="stmt"/>
        <line num="38" count="0" type="stmt"/>
        <line num="39" count="0" type="stmt"/>
        <line num="40" count="0" type="stmt"/>
        <line num="41" count="0" type="stmt"/>
        <line num="42" count="0" type="stmt"/>
        <line num="46" count="0" type="stmt"/>
        <line num="47" count="0" type="stmt"/>
        <line num="48" count="0" type="stmt"/>
        <line num="49" count="0" type="stmt"/>
        <line num="84" count="0" type="stmt"/>
        <line num="143" count="1" type="stmt"/>
        <line num="153" count="1" type="stmt"/>
        <line num="157" count="1" type="stmt"/>
        <line num="158" count="0" type="stmt"/>
        <line num="159" count="0" type="stmt"/>
        <line num="160" count="0" type="stmt"/>
      </file>
    </package>
    <package name="src.pages">
      <metrics statements="23" coveredstatements="22" conditionals="4" coveredconditionals="4" methods="8" coveredmethods="7"/>
      <file name="Login.js" path="/home/home/PROJETOS/sd-022-a-project-trybewallet/src/pages/Login.js">
        <metrics statements="22" coveredstatements="22" conditionals="4" coveredconditionals="4" methods="7" coveredmethods="7"/>
        <line num="8" count="5" type="stmt"/>
        <line num="9" count="5" type="stmt"/>
        <line num="16" count="5" type="stmt"/>
        <line num="17" count="64" type="stmt"/>
        <line num="18" count="64" type="stmt"/>
        <line num="19" count="64" type="stmt"/>
        <line num="21" count="64" type="cond" truecount="4" falsecount="0"/>
        <line num="22" count="12" type="stmt"/>
        <line num="24" count="52" type="stmt"/>
        <line num="28" count="5" type="stmt"/>
        <line num="29" count="64" type="stmt"/>
        <line num="30" count="64" type="stmt"/>
        <line num="33" count="5" type="stmt"/>
        <line num="34" count="2" type="stmt"/>
        <line num="35" count="2" type="stmt"/>
        <line num="37" count="2" type="stmt"/>
        <line num="38" count="2" type="stmt"/>
        <line num="42" count="133" type="stmt"/>
        <line num="43" count="133" type="stmt"/>
        <line num="84" count="1" type="stmt"/>
        <line num="91" count="5" type="stmt"/>
        <line num="92" count="2" type="stmt"/>
      </file>
      <file name="Wallet.js" path="/home/home/PROJETOS/sd-022-a-project-trybewallet/src/pages/Wallet.js">
        <metrics statements="1" coveredstatements="0" conditionals="0" coveredconditionals="0" methods="1" coveredmethods="0"/>
        <line num="8" count="0" type="stmt"/>
      </file>
    </package>
    <package name="src.redux.actions">
      <metrics statements="22" coveredstatements="15" conditionals="0" coveredconditionals="0" methods="11" coveredmethods="1"/>
      <file name="index.js" path="/home/home/PROJETOS/sd-022-a-project-trybewallet/src/redux/actions/index.js">
        <metrics statements="22" coveredstatements="15" conditionals="0" coveredconditionals="0" methods="11" coveredmethods="1"/>
        <line num="1" count="1" type="stmt"/>
        <line num="2" count="1" type="stmt"/>
        <line num="3" count="1" type="stmt"/>
        <line num="4" count="1" type="stmt"/>
        <line num="5" count="1" type="stmt"/>
        <line num="6" count="1" type="stmt"/>
        <line num="8" count="2" type="stmt"/>
        <line num="13" count="1" type="stmt"/>
        <line num="18" count="1" type="stmt"/>
        <line num="19" count="1" type="stmt"/>
        <line num="20" count="0" type="stmt"/>
        <line num="21" count="0" type="stmt"/>
        <line num="22" count="0" type="stmt"/>
        <line num="23" count="0" type="stmt"/>
        <line num="26" count="1" type="stmt"/>
        <line num="32" count="1" type="stmt"/>
        <line num="33" count="0" type="stmt"/>
        <line num="34" count="0" type="stmt"/>
        <line num="35" count="0" type="stmt"/>
        <line num="38" count="1" type="stmt"/>
        <line num="45" count="1" type="stmt"/>
        <line num="50" count="1" type="stmt"/>
      </file>
    </package>
    <package name="src.redux.reducers">
      <metrics statements="19" coveredstatements="10" conditionals="12" coveredconditionals="5" methods="4" coveredmethods="2"/>
      <file name="index.js" path="/home/home/PROJETOS/sd-022-a-project-trybewallet/src/redux/reducers/index.js">
        <metrics statements="1" coveredstatements="1" conditionals="0" coveredconditionals="0" methods="0" coveredmethods="0"/>
        <line num="5" count="1" type="stmt"/>
      </file>
      <file name="user.js" path="/home/home/PROJETOS/sd-022-a-project-trybewallet/src/redux/reducers/user.js">
        <metrics statements="5" coveredstatements="5" conditionals="3" coveredconditionals="3" methods="1" coveredmethods="1"/>
        <line num="3" count="1" type="stmt"/>
        <line num="7" count="1" type="cond" truecount="1" falsecount="0"/>
        <line num="8" count="9" type="cond" truecount="2" falsecount="0"/>
        <line num="10" count="2" type="stmt"/>
        <line num="12" count="7" type="stmt"/>
      </file>
      <file name="wallet.js" path="/home/home/PROJETOS/sd-022-a-project-trybewallet/src/redux/reducers/wallet.js">
        <metrics statements="13" coveredstatements="4" conditionals="9" coveredconditionals="2" methods="3" coveredmethods="1"/>
        <line num="4" count="1" type="stmt"/>
        <line num="12" count="1" type="cond" truecount="1" falsecount="0"/>
        <line num="13" count="9" type="cond" truecount="1" falsecount="5"/>
        <line num="15" count="0" type="stmt"/>
        <line num="20" count="0" type="stmt"/>
        <line num="26" count="0" type="stmt"/>
        <line num="28" count="0" type="stmt"/>
        <line num="32" count="0" type="stmt"/>
        <line num="38" count="0" type="stmt"/>
        <line num="42" count="0" type="cond" truecount="0" falsecount="2"/>
        <line num="43" count="0" type="stmt"/>
        <line num="45" count="0" type="stmt"/>
        <line num="49" count="9" type="stmt"/>
      </file>
    </package>
  </project>
</coverage>
