{"/home/home/PROJETOS/sd-022-a-project-trybewallet/src/App.js": {"path":"/home/home/PROJETOS/sd-022-a-project-trybewallet/src/App.js","statementMap":{"0":{"start":{"line":7,"column":2},"end":{"line":15,"column":4}}},"fnMap":{"0":{"name":"App","decl":{"start":{"line":6,"column":9},"end":{"line":6,"column":12}},"loc":{"start":{"line":6,"column":15},"end":{"line":16,"column":1}},"line":6}},"branchMap":{},"s":{"0":5},"f":{"0":5},"b":{},"_coverageSchema":"43e27e138ebf9cfc5966b082cf9a028302ed4184","hash":"c95ee9b29953cd3703d3f83e7ae42960976fcaf8"}
,"/home/home/PROJETOS/sd-022-a-project-trybewallet/src/components/Header.js": {"path":"/home/home/PROJETOS/sd-022-a-project-trybewallet/src/components/Header.js","statementMap":{"0":{"start":{"line":6,"column":17},"end":{"line":11,"column":3}},"1":{"start":{"line":7,"column":23},"end":{"line":7,"column":33}},"2":{"start":{"line":8,"column":21},"end":{"line":9,"column":75}},"3":{"start":{"line":8,"column":58},"end":{"line":9,"column":71}},"4":{"start":{"line":10,"column":4},"end":{"line":10,"column":31}},"5":{"start":{"line":14,"column":21},"end":{"line":14,"column":31}},"6":{"start":{"line":15,"column":4},"end":{"line":21,"column":6}},"7":{"start":{"line":25,"column":0},"end":{"line":33,"column":2}},"8":{"start":{"line":35,"column":24},"end":{"line":38,"column":2}},"9":{"start":{"line":35,"column":36},"end":{"line":38,"column":1}}},"fnMap":{"0":{"name":"(anonymous_0)","decl":{"start":{"line":6,"column":17},"end":{"line":6,"column":18}},"loc":{"start":{"line":6,"column":23},"end":{"line":11,"column":3}},"line":6},"1":{"name":"(anonymous_1)","decl":{"start":{"line":8,"column":44},"end":{"line":8,"column":45}},"loc":{"start":{"line":8,"column":58},"end":{"line":9,"column":71}},"line":8},"2":{"name":"(anonymous_2)","decl":{"start":{"line":13,"column":2},"end":{"line":13,"column":3}},"loc":{"start":{"line":13,"column":11},"end":{"line":22,"column":3}},"line":13},"3":{"name":"(anonymous_3)","decl":{"start":{"line":35,"column":24},"end":{"line":35,"column":25}},"loc":{"start":{"line":35,"column":36},"end":{"line":38,"column":1}},"line":35}},"branchMap":{},"s":{"0":0,"1":0,"2":0,"3":0,"4":0,"5":0,"6":0,"7":1,"8":1,"9":0},"f":{"0":0,"1":0,"2":0,"3":0},"b":{},"_coverageSchema":"43e27e138ebf9cfc5966b082cf9a028302ed4184","hash":"d1101c55ec139b38b3d56c5779c4f04b33686c50"}
,"/home/home/PROJETOS/sd-022-a-project-trybewallet/src/components/Table.js": {"path":"/home/home/PROJETOS/sd-022-a-project-trybewallet/src/components/Table.js","statementMap":{"0":{"start":{"line":8,"column":55},"end":{"line":8,"column":65}},"1":{"start":{"line":9,"column":4},"end":{"line":60,"column":6}},"2":{"start":{"line":26,"column":12},"end":{"line":56,"column":17}},"3":{"start":{"line":43,"column":34},"end":{"line":43,"column":59}},"4":{"start":{"line":51,"column":34},"end":{"line":51,"column":61}},"5":{"start":{"line":64,"column":0},"end":{"line":70,"column":2}},"6":{"start":{"line":72,"column":24},"end":{"line":74,"column":2}},"7":{"start":{"line":72,"column":36},"end":{"line":74,"column":1}},"8":{"start":{"line":76,"column":27},"end":{"line":79,"column":2}},"9":{"start":{"line":76,"column":42},"end":{"line":79,"column":1}},"10":{"start":{"line":77,"column":30},"end":{"line":77,"column":57}},"11":{"start":{"line":78,"column":28},"end":{"line":78,"column":53}}},"fnMap":{"0":{"name":"(anonymous_0)","decl":{"start":{"line":7,"column":2},"end":{"line":7,"column":3}},"loc":{"start":{"line":7,"column":11},"end":{"line":61,"column":3}},"line":7},"1":{"name":"(anonymous_1)","decl":{"start":{"line":25,"column":31},"end":{"line":25,"column":32}},"loc":{"start":{"line":26,"column":12},"end":{"line":56,"column":17}},"line":26},"2":{"name":"(anonymous_2)","decl":{"start":{"line":43,"column":28},"end":{"line":43,"column":29}},"loc":{"start":{"line":43,"column":34},"end":{"line":43,"column":59}},"line":43},"3":{"name":"(anonymous_3)","decl":{"start":{"line":51,"column":28},"end":{"line":51,"column":29}},"loc":{"start":{"line":51,"column":34},"end":{"line":51,"column":61}},"line":51},"4":{"name":"(anonymous_4)","decl":{"start":{"line":72,"column":24},"end":{"line":72,"column":25}},"loc":{"start":{"line":72,"column":36},"end":{"line":74,"column":1}},"line":72},"5":{"name":"(anonymous_5)","decl":{"start":{"line":76,"column":27},"end":{"line":76,"column":28}},"loc":{"start":{"line":76,"column":42},"end":{"line":79,"column":1}},"line":76},"6":{"name":"(anonymous_6)","decl":{"start":{"line":77,"column":19},"end":{"line":77,"column":20}},"loc":{"start":{"line":77,"column":30},"end":{"line":77,"column":57}},"line":77},"7":{"name":"(anonymous_7)","decl":{"start":{"line":78,"column":17},"end":{"line":78,"column":18}},"loc":{"start":{"line":78,"column":28},"end":{"line":78,"column":53}},"line":78}},"branchMap":{},"s":{"0":0,"1":0,"2":0,"3":0,"4":0,"5":1,"6":1,"7":0,"8":1,"9":0,"10":0,"11":0},"f":{"0":0,"1":0,"2":0,"3":0,"4":0,"5":0,"6":0,"7":0},"b":{},"_coverageSchema":"43e27e138ebf9cfc5966b082cf9a028302ed4184","hash":"70c9f20102b808717c9d0d729a8e32cf1fa175a6"}
,"/home/home/PROJETOS/sd-022-a-project-trybewallet/src/components/WalletForm.js": {"path":"/home/home/PROJETOS/sd-022-a-project-trybewallet/src/components/WalletForm.js","statementMap":{"0":{"start":{"line":8,"column":4},"end":{"line":8,"column":12}},"1":{"start":{"line":9,"column":4},"end":{"line":16,"column":6}},"2":{"start":{"line":19,"column":22},"end":{"line":22,"column":3}},"3":{"start":{"line":20,"column":27},"end":{"line":20,"column":37}},"4":{"start":{"line":21,"column":4},"end":{"line":21,"column":17}},"5":{"start":{"line":24,"column":19},"end":{"line":27,"column":3}},"6":{"start":{"line":25,"column":28},"end":{"line":25,"column":34}},"7":{"start":{"line":26,"column":4},"end":{"line":26,"column":37}},"8":{"start":{"line":29,"column":18},"end":{"line":36,"column":3}},"9":{"start":{"line":30,"column":59},"end":{"line":30,"column":69}},"10":{"start":{"line":31,"column":28},"end":{"line":31,"column":38}},"11":{"start":{"line":32,"column":4},"end":{"line":34,"column":7}},"12":{"start":{"line":32,"column":29},"end":{"line":32,"column":48}},"13":{"start":{"line":33,"column":6},"end":{"line":33,"column":84}},"14":{"start":{"line":35,"column":4},"end":{"line":35,"column":50}},"15":{"start":{"line":38,"column":18},"end":{"line":43,"column":3}},"16":{"start":{"line":39,"column":55},"end":{"line":39,"column":65}},"17":{"start":{"line":40,"column":27},"end":{"line":40,"column":37}},"18":{"start":{"line":41,"column":4},"end":{"line":41,"column":77}},"19":{"start":{"line":42,"column":4},"end":{"line":42,"column":50}},"20":{"start":{"line":46,"column":23},"end":{"line":46,"column":33}},"21":{"start":{"line":47,"column":35},"end":{"line":47,"column":41}},"22":{"start":{"line":48,"column":35},"end":{"line":48,"column":45}},"23":{"start":{"line":49,"column":4},"end":{"line":139,"column":6}},"24":{"start":{"line":84,"column":14},"end":{"line":88,"column":23}},"25":{"start":{"line":143,"column":0},"end":{"line":151,"column":2}},"26":{"start":{"line":153,"column":24},"end":{"line":155,"column":2}},"27":{"start":{"line":153,"column":36},"end":{"line":155,"column":1}},"28":{"start":{"line":157,"column":27},"end":{"line":161,"column":2}},"29":{"start":{"line":157,"column":42},"end":{"line":161,"column":1}},"30":{"start":{"line":158,"column":20},"end":{"line":158,"column":38}},"31":{"start":{"line":159,"column":26},"end":{"line":159,"column":56}},"32":{"start":{"line":160,"column":25},"end":{"line":160,"column":53}}},"fnMap":{"0":{"name":"(anonymous_0)","decl":{"start":{"line":7,"column":2},"end":{"line":7,"column":3}},"loc":{"start":{"line":7,"column":16},"end":{"line":17,"column":3}},"line":7},"1":{"name":"(anonymous_1)","decl":{"start":{"line":19,"column":22},"end":{"line":19,"column":23}},"loc":{"start":{"line":19,"column":28},"end":{"line":22,"column":3}},"line":19},"2":{"name":"(anonymous_2)","decl":{"start":{"line":24,"column":19},"end":{"line":24,"column":20}},"loc":{"start":{"line":24,"column":35},"end":{"line":27,"column":3}},"line":24},"3":{"name":"(anonymous_3)","decl":{"start":{"line":29,"column":18},"end":{"line":29,"column":19}},"loc":{"start":{"line":29,"column":24},"end":{"line":36,"column":3}},"line":29},"4":{"name":"(anonymous_4)","decl":{"start":{"line":32,"column":18},"end":{"line":32,"column":19}},"loc":{"start":{"line":32,"column":29},"end":{"line":32,"column":48}},"line":32},"5":{"name":"(anonymous_5)","decl":{"start":{"line":32,"column":51},"end":{"line":32,"column":52}},"loc":{"start":{"line":32,"column":57},"end":{"line":34,"column":5}},"line":32},"6":{"name":"(anonymous_6)","decl":{"start":{"line":38,"column":18},"end":{"line":38,"column":19}},"loc":{"start":{"line":38,"column":24},"end":{"line":43,"column":3}},"line":38},"7":{"name":"(anonymous_7)","decl":{"start":{"line":45,"column":2},"end":{"line":45,"column":3}},"loc":{"start":{"line":45,"column":11},"end":{"line":140,"column":3}},"line":45},"8":{"name":"(anonymous_8)","decl":{"start":{"line":83,"column":28},"end":{"line":83,"column":29}},"loc":{"start":{"line":84,"column":14},"end":{"line":88,"column":23}},"line":84},"9":{"name":"(anonymous_9)","decl":{"start":{"line":153,"column":24},"end":{"line":153,"column":25}},"loc":{"start":{"line":153,"column":36},"end":{"line":155,"column":1}},"line":153},"10":{"name":"(anonymous_10)","decl":{"start":{"line":157,"column":27},"end":{"line":157,"column":28}},"loc":{"start":{"line":157,"column":42},"end":{"line":161,"column":1}},"line":157},"11":{"name":"(anonymous_11)","decl":{"start":{"line":158,"column":14},"end":{"line":158,"column":15}},"loc":{"start":{"line":158,"column":20},"end":{"line":158,"column":38}},"line":158},"12":{"name":"(anonymous_12)","decl":{"start":{"line":159,"column":15},"end":{"line":159,"column":16}},"loc":{"start":{"line":159,"column":26},"end":{"line":159,"column":56}},"line":159},"13":{"name":"(anonymous_13)","decl":{"start":{"line":160,"column":14},"end":{"line":160,"column":15}},"loc":{"start":{"line":160,"column":25},"end":{"line":160,"column":53}},"line":160}},"branchMap":{"0":{"loc":{"start":{"line":122,"column":10},"end":{"line":136,"column":9}},"type":"cond-expr","locations":[{"start":{"line":123,"column":10},"end":{"line":128,"column":19}},{"start":{"line":130,"column":10},"end":{"line":135,"column":19}}],"line":122}},"s":{"0":0,"1":0,"2":0,"3":0,"4":0,"5":0,"6":0,"7":0,"8":0,"9":0,"10":0,"11":0,"12":0,"13":0,"14":0,"15":0,"16":0,"17":0,"18":0,"19":0,"20":0,"21":0,"22":0,"23":0,"24":0,"25":1,"26":1,"27":0,"28":1,"29":0,"30":0,"31":0,"32":0},"f":{"0":0,"1":0,"2":0,"3":0,"4":0,"5":0,"6":0,"7":0,"8":0,"9":0,"10":0,"11":0,"12":0,"13":0},"b":{"0":[0,0]},"_coverageSchema":"43e27e138ebf9cfc5966b082cf9a028302ed4184","hash":"f67f75956f00b8549b27e5215154a760d7fb068d"}
,"/home/home/PROJETOS/sd-022-a-project-trybewallet/src/pages/Login.js": {"path":"/home/home/PROJETOS/sd-022-a-project-trybewallet/src/pages/Login.js","statementMap":{"0":{"start":{"line":8,"column":4},"end":{"line":8,"column":12}},"1":{"start":{"line":9,"column":4},"end":{"line":13,"column":6}},"2":{"start":{"line":16,"column":20},"end":{"line":26,"column":3}},"3":{"start":{"line":17,"column":32},"end":{"line":17,"column":42}},"4":{"start":{"line":18,"column":16},"end":{"line":18,"column":17}},"5":{"start":{"line":19,"column":23},"end":{"line":19,"column":65}},"6":{"start":{"line":21,"column":4},"end":{"line":25,"column":5}},"7":{"start":{"line":22,"column":6},"end":{"line":22,"column":44}},"8":{"start":{"line":24,"column":6},"end":{"line":24,"column":43}},"9":{"start":{"line":28,"column":19},"end":{"line":31,"column":3}},"10":{"start":{"line":29,"column":28},"end":{"line":29,"column":34}},"11":{"start":{"line":30,"column":4},"end":{"line":30,"column":59}},"12":{"start":{"line":33,"column":18},"end":{"line":39,"column":3}},"13":{"start":{"line":34,"column":22},"end":{"line":34,"column":32}},"14":{"start":{"line":35,"column":40},"end":{"line":35,"column":50}},"15":{"start":{"line":37,"column":4},"end":{"line":37,"column":26}},"16":{"start":{"line":38,"column":4},"end":{"line":38,"column":30}},"17":{"start":{"line":42,"column":45},"end":{"line":42,"column":55}},"18":{"start":{"line":43,"column":4},"end":{"line":80,"column":6}},"19":{"start":{"line":84,"column":0},"end":{"line":89,"column":2}},"20":{"start":{"line":91,"column":27},"end":{"line":93,"column":2}},"21":{"start":{"line":91,"column":42},"end":{"line":93,"column":1}},"22":{"start":{"line":92,"column":29},"end":{"line":92,"column":55}}},"fnMap":{"0":{"name":"(anonymous_0)","decl":{"start":{"line":7,"column":2},"end":{"line":7,"column":3}},"loc":{"start":{"line":7,"column":16},"end":{"line":14,"column":3}},"line":7},"1":{"name":"(anonymous_1)","decl":{"start":{"line":16,"column":20},"end":{"line":16,"column":21}},"loc":{"start":{"line":16,"column":26},"end":{"line":26,"column":3}},"line":16},"2":{"name":"(anonymous_2)","decl":{"start":{"line":28,"column":19},"end":{"line":28,"column":20}},"loc":{"start":{"line":28,"column":35},"end":{"line":31,"column":3}},"line":28},"3":{"name":"(anonymous_3)","decl":{"start":{"line":33,"column":18},"end":{"line":33,"column":19}},"loc":{"start":{"line":33,"column":24},"end":{"line":39,"column":3}},"line":33},"4":{"name":"(anonymous_4)","decl":{"start":{"line":41,"column":2},"end":{"line":41,"column":3}},"loc":{"start":{"line":41,"column":11},"end":{"line":81,"column":3}},"line":41},"5":{"name":"(anonymous_5)","decl":{"start":{"line":91,"column":27},"end":{"line":91,"column":28}},"loc":{"start":{"line":91,"column":42},"end":{"line":93,"column":1}},"line":91},"6":{"name":"(anonymous_6)","decl":{"start":{"line":92,"column":18},"end":{"line":92,"column":19}},"loc":{"start":{"line":92,"column":29},"end":{"line":92,"column":55}},"line":92}},"branchMap":{"0":{"loc":{"start":{"line":21,"column":4},"end":{"line":25,"column":5}},"type":"if","locations":[{"start":{"line":21,"column":4},"end":{"line":25,"column":5}},{"start":{"line":21,"column":4},"end":{"line":25,"column":5}}],"line":21},"1":{"loc":{"start":{"line":21,"column":8},"end":{"line":21,"column":55}},"type":"binary-expr","locations":[{"start":{"line":21,"column":8},"end":{"line":21,"column":29}},{"start":{"line":21,"column":33},"end":{"line":21,"column":55}}],"line":21}},"s":{"0":5,"1":5,"2":5,"3":64,"4":64,"5":64,"6":64,"7":12,"8":52,"9":5,"10":64,"11":64,"12":5,"13":2,"14":2,"15":2,"16":2,"17":133,"18":133,"19":1,"20":1,"21":5,"22":2},"f":{"0":5,"1":64,"2":64,"3":2,"4":133,"5":5,"6":2},"b":{"0":[12,52],"1":[64,12]},"_coverageSchema":"43e27e138ebf9cfc5966b082cf9a028302ed4184","hash":"21373e48ffff246708647becf763eec1c8c1a554"}
,"/home/home/PROJETOS/sd-022-a-project-trybewallet/src/pages/Wallet.js": {"path":"/home/home/PROJETOS/sd-022-a-project-trybewallet/src/pages/Wallet.js","statementMap":{"0":{"start":{"line":8,"column":4},"end":{"line":14,"column":6}}},"fnMap":{"0":{"name":"(anonymous_0)","decl":{"start":{"line":7,"column":2},"end":{"line":7,"column":3}},"loc":{"start":{"line":7,"column":11},"end":{"line":15,"column":3}},"line":7}},"branchMap":{},"s":{"0":0},"f":{"0":0},"b":{},"_coverageSchema":"43e27e138ebf9cfc5966b082cf9a028302ed4184","hash":"23e095dded6a1ed6d7444d19f6c20e4ab57e21e4"}
,"/home/home/PROJETOS/sd-022-a-project-trybewallet/src/redux/actions/index.js": {"path":"/home/home/PROJETOS/sd-022-a-project-trybewallet/src/redux/actions/index.js","statementMap":{"0":{"start":{"line":1,"column":26},"end":{"line":1,"column":38}},"1":{"start":{"line":2,"column":32},"end":{"line":2,"column":50}},"2":{"start":{"line":3,"column":28},"end":{"line":3,"column":42}},"3":{"start":{"line":4,"column":27},"end":{"line":4,"column":40}},"4":{"start":{"line":5,"column":25},"end":{"line":5,"column":36}},"5":{"start":{"line":6,"column":28},"end":{"line":6,"column":42}},"6":{"start":{"line":8,"column":25},"end":{"line":11,"column":2}},"7":{"start":{"line":8,"column":39},"end":{"line":11,"column":1}},"8":{"start":{"line":13,"column":24},"end":{"line":16,"column":2}},"9":{"start":{"line":13,"column":41},"end":{"line":16,"column":1}},"10":{"start":{"line":18,"column":12},"end":{"line":18,"column":57}},"11":{"start":{"line":19,"column":22},"end":{"line":24,"column":1}},"12":{"start":{"line":19,"column":28},"end":{"line":24,"column":1}},"13":{"start":{"line":20,"column":19},"end":{"line":20,"column":35}},"14":{"start":{"line":21,"column":15},"end":{"line":21,"column":36}},"15":{"start":{"line":22,"column":17},"end":{"line":22,"column":68}},"16":{"start":{"line":22,"column":52},"end":{"line":22,"column":67}},"17":{"start":{"line":23,"column":2},"end":{"line":23,"column":36}},"18":{"start":{"line":26,"column":20},"end":{"line":30,"column":2}},"19":{"start":{"line":26,"column":34},"end":{"line":30,"column":1}},"20":{"start":{"line":32,"column":29},"end":{"line":36,"column":1}},"21":{"start":{"line":32,"column":40},"end":{"line":36,"column":1}},"22":{"start":{"line":33,"column":19},"end":{"line":33,"column":77}},"23":{"start":{"line":34,"column":15},"end":{"line":34,"column":36}},"24":{"start":{"line":35,"column":2},"end":{"line":35,"column":59}},"25":{"start":{"line":38,"column":26},"end":{"line":43,"column":2}},"26":{"start":{"line":38,"column":35},"end":{"line":43,"column":1}},"27":{"start":{"line":45,"column":24},"end":{"line":48,"column":2}},"28":{"start":{"line":45,"column":33},"end":{"line":48,"column":1}},"29":{"start":{"line":50,"column":27},"end":{"line":53,"column":2}},"30":{"start":{"line":50,"column":42},"end":{"line":53,"column":1}}},"fnMap":{"0":{"name":"(anonymous_0)","decl":{"start":{"line":8,"column":25},"end":{"line":8,"column":26}},"loc":{"start":{"line":8,"column":39},"end":{"line":11,"column":1}},"line":8},"1":{"name":"(anonymous_1)","decl":{"start":{"line":13,"column":24},"end":{"line":13,"column":25}},"loc":{"start":{"line":13,"column":41},"end":{"line":16,"column":1}},"line":13},"2":{"name":"(anonymous_2)","decl":{"start":{"line":19,"column":22},"end":{"line":19,"column":23}},"loc":{"start":{"line":19,"column":28},"end":{"line":24,"column":1}},"line":19},"3":{"name":"(anonymous_3)","decl":{"start":{"line":19,"column":28},"end":{"line":19,"column":29}},"loc":{"start":{"line":19,"column":48},"end":{"line":24,"column":1}},"line":19},"4":{"name":"(anonymous_4)","decl":{"start":{"line":22,"column":42},"end":{"line":22,"column":43}},"loc":{"start":{"line":22,"column":52},"end":{"line":22,"column":67}},"line":22},"5":{"name":"(anonymous_5)","decl":{"start":{"line":26,"column":20},"end":{"line":26,"column":21}},"loc":{"start":{"line":26,"column":34},"end":{"line":30,"column":1}},"line":26},"6":{"name":"(anonymous_6)","decl":{"start":{"line":32,"column":29},"end":{"line":32,"column":30}},"loc":{"start":{"line":32,"column":40},"end":{"line":36,"column":1}},"line":32},"7":{"name":"(anonymous_7)","decl":{"start":{"line":32,"column":40},"end":{"line":32,"column":41}},"loc":{"start":{"line":32,"column":60},"end":{"line":36,"column":1}},"line":32},"8":{"name":"(anonymous_8)","decl":{"start":{"line":38,"column":26},"end":{"line":38,"column":27}},"loc":{"start":{"line":38,"column":35},"end":{"line":43,"column":1}},"line":38},"9":{"name":"(anonymous_9)","decl":{"start":{"line":45,"column":24},"end":{"line":45,"column":25}},"loc":{"start":{"line":45,"column":33},"end":{"line":48,"column":1}},"line":45},"10":{"name":"(anonymous_10)","decl":{"start":{"line":50,"column":27},"end":{"line":50,"column":28}},"loc":{"start":{"line":50,"column":42},"end":{"line":53,"column":1}},"line":50}},"branchMap":{},"s":{"0":1,"1":1,"2":1,"3":1,"4":1,"5":1,"6":1,"7":2,"8":1,"9":0,"10":1,"11":1,"12":0,"13":0,"14":0,"15":0,"16":0,"17":0,"18":1,"19":0,"20":1,"21":0,"22":0,"23":0,"24":0,"25":1,"26":0,"27":1,"28":0,"29":1,"30":0},"f":{"0":2,"1":0,"2":0,"3":0,"4":0,"5":0,"6":0,"7":0,"8":0,"9":0,"10":0},"b":{},"_coverageSchema":"43e27e138ebf9cfc5966b082cf9a028302ed4184","hash":"d595943096fe1b6b14690446168f99c462b0d98a"}
,"/home/home/PROJETOS/sd-022-a-project-trybewallet/src/redux/reducers/index.js": {"path":"/home/home/PROJETOS/sd-022-a-project-trybewallet/src/redux/reducers/index.js","statementMap":{"0":{"start":{"line":5,"column":20},"end":{"line":8,"column":2}}},"fnMap":{},"branchMap":{},"s":{"0":1},"f":{},"b":{},"_coverageSchema":"43e27e138ebf9cfc5966b082cf9a028302ed4184","hash":"2b265f64ebba5b5e73bcb3b9aff163f12d0466e9"}
,"/home/home/PROJETOS/sd-022-a-project-trybewallet/src/redux/reducers/user.js": {"path":"/home/home/PROJETOS/sd-022-a-project-trybewallet/src/redux/reducers/user.js","statementMap":{"0":{"start":{"line":3,"column":22},"end":{"line":5,"column":1}},"1":{"start":{"line":7,"column":13},"end":{"line":14,"column":1}},"2":{"start":{"line":8,"column":2},"end":{"line":13,"column":3}},"3":{"start":{"line":10,"column":4},"end":{"line":10,"column":45}},"4":{"start":{"line":12,"column":4},"end":{"line":12,"column":17}}},"fnMap":{"0":{"name":"(anonymous_0)","decl":{"start":{"line":7,"column":13},"end":{"line":7,"column":14}},"loc":{"start":{"line":7,"column":48},"end":{"line":14,"column":1}},"line":7}},"branchMap":{"0":{"loc":{"start":{"line":7,"column":14},"end":{"line":7,"column":35}},"type":"default-arg","locations":[{"start":{"line":7,"column":22},"end":{"line":7,"column":35}}],"line":7},"1":{"loc":{"start":{"line":8,"column":2},"end":{"line":13,"column":3}},"type":"switch","locations":[{"start":{"line":9,"column":2},"end":{"line":10,"column":45}},{"start":{"line":11,"column":2},"end":{"line":12,"column":17}}],"line":8}},"s":{"0":1,"1":1,"2":9,"3":2,"4":7},"f":{"0":9},"b":{"0":[7],"1":[2,7]},"_coverageSchema":"43e27e138ebf9cfc5966b082cf9a028302ed4184","hash":"7eeafb892d518f701170ccc9a427d0f6a47b8ed6"}
,"/home/home/PROJETOS/sd-022-a-project-trybewallet/src/redux/reducers/wallet.js": {"path":"/home/home/PROJETOS/sd-022-a-project-trybewallet/src/redux/reducers/wallet.js","statementMap":{"0":{"start":{"line":4,"column":22},"end":{"line":10,"column":1}},"1":{"start":{"line":12,"column":15},"end":{"line":51,"column":1}},"2":{"start":{"line":13,"column":2},"end":{"line":50,"column":3}},"3":{"start":{"line":15,"column":4},"end":{"line":18,"column":6}},"4":{"start":{"line":20,"column":4},"end":{"line":24,"column":6}},"5":{"start":{"line":26,"column":4},"end":{"line":30,"column":6}},"6":{"start":{"line":28,"column":53},"end":{"line":28,"column":74}},"7":{"start":{"line":32,"column":4},"end":{"line":36,"column":6}},"8":{"start":{"line":38,"column":4},"end":{"line":47,"column":6}},"9":{"start":{"line":42,"column":8},"end":{"line":44,"column":9}},"10":{"start":{"line":43,"column":10},"end":{"line":43,"column":86}},"11":{"start":{"line":45,"column":8},"end":{"line":45,"column":19}},"12":{"start":{"line":49,"column":4},"end":{"line":49,"column":17}}},"fnMap":{"0":{"name":"(anonymous_0)","decl":{"start":{"line":12,"column":15},"end":{"line":12,"column":16}},"loc":{"start":{"line":12,"column":50},"end":{"line":51,"column":1}},"line":12},"1":{"name":"(anonymous_1)","decl":{"start":{"line":28,"column":43},"end":{"line":28,"column":44}},"loc":{"start":{"line":28,"column":53},"end":{"line":28,"column":74}},"line":28},"2":{"name":"(anonymous_2)","decl":{"start":{"line":41,"column":35},"end":{"line":41,"column":36}},"loc":{"start":{"line":41,"column":44},"end":{"line":46,"column":7}},"line":41}},"branchMap":{"0":{"loc":{"start":{"line":12,"column":16},"end":{"line":12,"column":37}},"type":"default-arg","locations":[{"start":{"line":12,"column":24},"end":{"line":12,"column":37}}],"line":12},"1":{"loc":{"start":{"line":13,"column":2},"end":{"line":50,"column":3}},"type":"switch","locations":[{"start":{"line":14,"column":2},"end":{"line":18,"column":6}},{"start":{"line":19,"column":2},"end":{"line":24,"column":6}},{"start":{"line":25,"column":2},"end":{"line":30,"column":6}},{"start":{"line":31,"column":2},"end":{"line":36,"column":6}},{"start":{"line":37,"column":2},"end":{"line":47,"column":6}},{"start":{"line":48,"column":2},"end":{"line":49,"column":17}}],"line":13},"2":{"loc":{"start":{"line":42,"column":8},"end":{"line":44,"column":9}},"type":"if","locations":[{"start":{"line":42,"column":8},"end":{"line":44,"column":9}},{"start":{"line":42,"column":8},"end":{"line":44,"column":9}}],"line":42}},"s":{"0":1,"1":1,"2":9,"3":0,"4":0,"5":0,"6":0,"7":0,"8":0,"9":0,"10":0,"11":0,"12":9},"f":{"0":9,"1":0,"2":0},"b":{"0":[7],"1":[0,0,0,0,0,9],"2":[0,0]},"_coverageSchema":"43e27e138ebf9cfc5966b082cf9a028302ed4184","hash":"9a1cb9affa9b43e8f1f3739bbc1404149baa91b4"}
}
