{"total": {"lines":{"total":96,"covered":83,"skipped":0,"pct":86.46},"statements":{"total":111,"covered":93,"skipped":0,"pct":83.78},"functions":{"total":43,"covered":33,"skipped":0,"pct":76.74},"branches":{"total":12,"covered":9,"skipped":0,"pct":75}}
,"/home/home/PROJETOS/sd-022-a-project-trybewallet/src/App.js": {"lines":{"total":1,"covered":1,"skipped":0,"pct":100},"functions":{"total":1,"covered":1,"skipped":0,"pct":100},"statements":{"total":1,"covered":1,"skipped":0,"pct":100},"branches":{"total":0,"covered":0,"skipped":0,"pct":100}}
,"/home/home/PROJETOS/sd-022-a-project-trybewallet/src/components/Header.js": {"lines":{"total":8,"covered":8,"skipped":0,"pct":100},"functions":{"total":4,"covered":3,"skipped":0,"pct":75},"statements":{"total":10,"covered":9,"skipped":0,"pct":90},"branches":{"total":0,"covered":0,"skipped":0,"pct":100}}
,"/home/home/PROJETOS/sd-022-a-project-trybewallet/src/components/Table.js": {"lines":{"total":8,"covered":5,"skipped":0,"pct":62.5},"functions":{"total":6,"covered":3,"skipped":0,"pct":50},"statements":{"total":10,"covered":7,"skipped":0,"pct":70},"branches":{"total":0,"covered":0,"skipped":0,"pct":100}}
,"/home/home/PROJETOS/sd-022-a-project-trybewallet/src/components/WalletForm.js": {"lines":{"total":24,"covered":23,"skipped":0,"pct":95.83},"functions":{"total":12,"covered":11,"skipped":0,"pct":91.67},"statements":{"total":27,"covered":26,"skipped":0,"pct":96.3},"branches":{"total":0,"covered":0,"skipped":0,"pct":100}}
,"/home/home/PROJETOS/sd-022-a-project-trybewallet/src/pages/Login.js": {"lines":{"total":22,"covered":22,"skipped":0,"pct":100},"functions":{"total":7,"covered":7,"skipped":0,"pct":100},"statements":{"total":23,"covered":23,"skipped":0,"pct":100},"branches":{"total":4,"covered":4,"skipped":0,"pct":100}}
,"/home/home/PROJETOS/sd-022-a-project-trybewallet/src/pages/Wallet.js": {"lines":{"total":1,"covered":1,"skipped":0,"pct":100},"functions":{"total":1,"covered":1,"skipped":0,"pct":100},"statements":{"total":1,"covered":1,"skipped":0,"pct":100},"branches":{"total":0,"covered":0,"skipped":0,"pct":100}}
,"/home/home/PROJETOS/sd-022-a-project-trybewallet/src/redux/actions/index.js": {"lines":{"total":18,"covered":13,"skipped":0,"pct":72.22},"functions":{"total":9,"covered":5,"skipped":0,"pct":55.56},"statements":{"total":25,"covered":16,"skipped":0,"pct":64},"branches":{"total":0,"covered":0,"skipped":0,"pct":100}}
,"/home/home/PROJETOS/sd-022-a-project-trybewallet/src/redux/reducers/index.js": {"lines":{"total":1,"covered":1,"skipped":0,"pct":100},"functions":{"total":0,"covered":0,"skipped":0,"pct":100},"statements":{"total":1,"covered":1,"skipped":0,"pct":100},"branches":{"total":0,"covered":0,"skipped":0,"pct":100}}
,"/home/home/PROJETOS/sd-022-a-project-trybewallet/src/redux/reducers/user.js": {"lines":{"total":5,"covered":5,"skipped":0,"pct":100},"functions":{"total":1,"covered":1,"skipped":0,"pct":100},"statements":{"total":5,"covered":5,"skipped":0,"pct":100},"branches":{"total":3,"covered":3,"skipped":0,"pct":100}}
,"/home/home/PROJETOS/sd-022-a-project-trybewallet/src/redux/reducers/wallet.js": {"lines":{"total":8,"covered":4,"skipped":0,"pct":50},"functions":{"total":2,"covered":1,"skipped":0,"pct":50},"statements":{"total":8,"covered":4,"skipped":0,"pct":50},"branches":{"total":5,"covered":2,"skipped":0,"pct":40}}
}
