TN:
SF:/home/home/PROJETOS/sd-022-a-project-trybewallet/src/App.js
FN:6,App
FNF:1
FNH:1
FNDA:5,App
DA:7,5
LF:1
LH:1
BRF:0
BRH:0
end_of_record
TN:
SF:/home/home/PROJETOS/sd-022-a-project-trybewallet/src/components/Header.js
FN:6,(anonymous_0)
FN:8,(anonymous_1)
FN:13,(anonymous_2)
FN:35,(anonymous_3)
FNF:4
FNH:0
FNDA:0,(anonymous_0)
FNDA:0,(anonymous_1)
FNDA:0,(anonymous_2)
FNDA:0,(anonymous_3)
DA:6,0
DA:7,0
DA:8,0
DA:10,0
DA:14,0
DA:15,0
DA:25,1
DA:35,1
LF:8
LH:2
BRF:0
BRH:0
end_of_record
TN:
SF:/home/home/PROJETOS/sd-022-a-project-trybewallet/src/components/Table.js
FN:7,(anonymous_0)
FN:25,(anonymous_1)
FN:43,(anonymous_2)
FN:51,(anonymous_3)
FN:72,(anonymous_4)
FN:76,(anonymous_5)
FN:77,(anonymous_6)
FN:78,(anonymous_7)
FNF:8
FNH:0
FNDA:0,(anonymous_0)
FNDA:0,(anonymous_1)
FNDA:0,(anonymous_2)
FNDA:0,(anonymous_3)
FNDA:0,(anonymous_4)
FNDA:0,(anonymous_5)
FNDA:0,(anonymous_6)
FNDA:0,(anonymous_7)
DA:8,0
DA:9,0
DA:26,0
DA:43,0
DA:51,0
DA:64,1
DA:72,1
DA:76,1
DA:77,0
DA:78,0
LF:10
LH:3
BRF:0
BRH:0
end_of_record
TN:
SF:/home/home/PROJETOS/sd-022-a-project-trybewallet/src/components/WalletForm.js
FN:7,(anonymous_0)
FN:19,(anonymous_1)
FN:24,(anonymous_2)
FN:29,(anonymous_3)
FN:32,(anonymous_4)
FN:32,(anonymous_5)
FN:38,(anonymous_6)
FN:45,(anonymous_7)
FN:83,(anonymous_8)
FN:153,(anonymous_9)
FN:157,(anonymous_10)
FN:158,(anonymous_11)
FN:159,(anonymous_12)
FN:160,(anonymous_13)
FNF:14
FNH:0
FNDA:0,(anonymous_0)
FNDA:0,(anonymous_1)
FNDA:0,(anonymous_2)
FNDA:0,(anonymous_3)
FNDA:0,(anonymous_4)
FNDA:0,(anonymous_5)
FNDA:0,(anonymous_6)
FNDA:0,(anonymous_7)
FNDA:0,(anonymous_8)
FNDA:0,(anonymous_9)
FNDA:0,(anonymous_10)
FNDA:0,(anonymous_11)
FNDA:0,(anonymous_12)
FNDA:0,(anonymous_13)
DA:8,0
DA:9,0
DA:19,0
DA:20,0
DA:21,0
DA:24,0
DA:25,0
DA:26,0
DA:29,0
DA:30,0
DA:31,0
DA:32,0
DA:33,0
DA:35,0
DA:38,0
DA:39,0
DA:40,0
DA:41,0
DA:42,0
DA:46,0
DA:47,0
DA:48,0
DA:49,0
DA:84,0
DA:143,1
DA:153,1
DA:157,1
DA:158,0
DA:159,0
DA:160,0
LF:30
LH:3
BRDA:122,0,0,0
BRDA:122,0,1,0
BRF:2
BRH:0
end_of_record
TN:
SF:/home/home/PROJETOS/sd-022-a-project-trybewallet/src/pages/Login.js
FN:7,(anonymous_0)
FN:16,(anonymous_1)
FN:28,(anonymous_2)
FN:33,(anonymous_3)
FN:41,(anonymous_4)
FN:91,(anonymous_5)
FN:92,(anonymous_6)
FNF:7
FNH:7
FNDA:5,(anonymous_0)
FNDA:64,(anonymous_1)
FNDA:64,(anonymous_2)
FNDA:2,(anonymous_3)
FNDA:133,(anonymous_4)
FNDA:5,(anonymous_5)
FNDA:2,(anonymous_6)
DA:8,5
DA:9,5
DA:16,5
DA:17,64
DA:18,64
DA:19,64
DA:21,64
DA:22,12
DA:24,52
DA:28,5
DA:29,64
DA:30,64
DA:33,5
DA:34,2
DA:35,2
DA:37,2
DA:38,2
DA:42,133
DA:43,133
DA:84,1
DA:91,5
DA:92,2
LF:22
LH:22
BRDA:21,0,0,12
BRDA:21,0,1,52
BRDA:21,1,0,64
BRDA:21,1,1,12
BRF:4
BRH:4
end_of_record
TN:
SF:/home/home/PROJETOS/sd-022-a-project-trybewallet/src/pages/Wallet.js
FN:7,(anonymous_0)
FNF:1
FNH:0
FNDA:0,(anonymous_0)
DA:8,0
LF:1
LH:0
BRF:0
BRH:0
end_of_record
TN:
SF:/home/home/PROJETOS/sd-022-a-project-trybewallet/src/redux/actions/index.js
FN:8,(anonymous_0)
FN:13,(anonymous_1)
FN:19,(anonymous_2)
FN:19,(anonymous_3)
FN:22,(anonymous_4)
FN:26,(anonymous_5)
FN:32,(anonymous_6)
FN:32,(anonymous_7)
FN:38,(anonymous_8)
FN:45,(anonymous_9)
FN:50,(anonymous_10)
FNF:11
FNH:1
FNDA:2,(anonymous_0)
FNDA:0,(anonymous_1)
FNDA:0,(anonymous_2)
FNDA:0,(anonymous_3)
FNDA:0,(anonymous_4)
FNDA:0,(anonymous_5)
FNDA:0,(anonymous_6)
FNDA:0,(anonymous_7)
FNDA:0,(anonymous_8)
FNDA:0,(anonymous_9)
FNDA:0,(anonymous_10)
DA:1,1
DA:2,1
DA:3,1
DA:4,1
DA:5,1
DA:6,1
DA:8,2
DA:13,1
DA:18,1
DA:19,1
DA:20,0
DA:21,0
DA:22,0
DA:23,0
DA:26,1
DA:32,1
DA:33,0
DA:34,0
DA:35,0
DA:38,1
DA:45,1
DA:50,1
LF:22
LH:15
BRF:0
BRH:0
end_of_record
TN:
SF:/home/home/PROJETOS/sd-022-a-project-trybewallet/src/redux/reducers/index.js
FNF:0
FNH:0
DA:5,1
LF:1
LH:1
BRF:0
BRH:0
end_of_record
TN:
SF:/home/home/PROJETOS/sd-022-a-project-trybewallet/src/redux/reducers/user.js
FN:7,(anonymous_0)
FNF:1
FNH:1
FNDA:9,(anonymous_0)
DA:3,1
DA:7,1
DA:8,9
DA:10,2
DA:12,7
LF:5
LH:5
BRDA:7,0,0,7
BRDA:8,1,0,2
BRDA:8,1,1,7
BRF:3
BRH:3
end_of_record
TN:
SF:/home/home/PROJETOS/sd-022-a-project-trybewallet/src/redux/reducers/wallet.js
FN:12,(anonymous_0)
FN:28,(anonymous_1)
FN:41,(anonymous_2)
FNF:3
FNH:1
FNDA:9,(anonymous_0)
FNDA:0,(anonymous_1)
FNDA:0,(anonymous_2)
DA:4,1
DA:12,1
DA:13,9
DA:15,0
DA:20,0
DA:26,0
DA:28,0
DA:32,0
DA:38,0
DA:42,0
DA:43,0
DA:45,0
DA:49,9
LF:13
LH:4
BRDA:12,0,0,7
BRDA:13,1,0,0
BRDA:13,1,1,0
BRDA:13,1,2,0
BRDA:13,1,3,0
BRDA:13,1,4,0
BRDA:13,1,5,9
BRDA:42,2,0,0
BRDA:42,2,1,0
BRF:9
BRH:2
end_of_record
